[09-Apr-2025 08:44:44 UTC] Attempting to load class: Core\Database\Database
[09-Apr-2025 08:44:44 UTC] Looking for file: /var/www/api/meeting-room-back/core/Database/Database.php
[09-Apr-2025 08:44:44 UTC] File not found: /var/www/api/meeting-room-back/core/Database/Database.php
[09-Apr-2025 08:44:44 UTC] PHP Fatal error:  Uncaught Error: Class "Core\Database\Database" not found in /var/www/api/meeting-room-back/autoload.php:53
Stack trace:
#0 /var/www/api/meeting-room-back/test/test1.php(2): require_once()
#1 {main}
  thrown in /var/www/api/meeting-room-back/autoload.php on line 53
[09-Apr-2025 08:46:04 UTC] Attempting to load class: Core\Database\Database
[09-Apr-2025 08:46:04 UTC] Looking for file: /var/www/api/meeting-room-back/core/Database/Database.php
[09-Apr-2025 08:46:04 UTC] File not found: /var/www/api/meeting-room-back/core/Database/Database.php
[09-Apr-2025 08:46:04 UTC] PHP Fatal error:  Uncaught Error: Class "Core\Database\Database" not found in /var/www/api/meeting-room-back/autoload.php:53
Stack trace:
#0 /var/www/api/meeting-room-back/test/test1.php(2): require_once()
#1 {main}
  thrown in /var/www/api/meeting-room-back/autoload.php on line 53
[09-Apr-2025 08:47:02 UTC] Attempting to load class: Core\database\Database
[09-Apr-2025 08:47:02 UTC] Looking for file: /var/www/api/meeting-room-back/core/database/database.php
[09-Apr-2025 08:47:02 UTC] File not found: /var/www/api/meeting-room-back/core/database/database.php
[09-Apr-2025 08:47:02 UTC] PHP Fatal error:  Uncaught Error: Class "Core\database\Database" not found in /var/www/api/meeting-room-back/autoload.php:53
Stack trace:
#0 /var/www/api/meeting-room-back/test/test1.php(2): require_once()
#1 {main}
  thrown in /var/www/api/meeting-room-back/autoload.php on line 53
[09-Apr-2025 08:47:46 UTC] Attempting to load class: Core\database\Database
[09-Apr-2025 08:47:46 UTC] Looking for file: /var/www/api/meeting-room-back/core/database/database.php
[09-Apr-2025 08:47:46 UTC] File not found: /var/www/api/meeting-room-back/core/database/database.php
[09-Apr-2025 08:47:46 UTC] PHP Fatal error:  Uncaught Error: Class "Core\database\Database" not found in /var/www/api/meeting-room-back/test/test1.php:109
Stack trace:
#0 {main}
  thrown in /var/www/api/meeting-room-back/test/test1.php on line 109
[09-Apr-2025 08:48:57 UTC] Attempting to load class: Core\Database\Database
[09-Apr-2025 08:48:57 UTC] Looking for file: /var/www/api/meeting-room-back/core/database/database.php
[09-Apr-2025 08:48:57 UTC] File not found: /var/www/api/meeting-room-back/core/database/database.php
[09-Apr-2025 08:48:57 UTC] PHP Fatal error:  Uncaught Error: Class "Core\Database\Database" not found in /var/www/api/meeting-room-back/autoload.php:57
Stack trace:
#0 /var/www/api/meeting-room-back/test/test1.php(2): require_once()
#1 {main}
  thrown in /var/www/api/meeting-room-back/autoload.php on line 57
